Copyright 1986-2020 Xilinx, Inc. All Rights Reserved.
-------------------------------------------------------------------------------------------------------------------------------
| Tool Version : Vivado v.2020.2 (win64) Build 3064766 Wed Nov 18 09:12:45 MST 2020
| Date         : Sat Jun 20 13:23:08 2026
| Host         : StephenHan running 64-bit major release  (build 9200)
| Command      : report_utilization -hierarchical -file D:/riscv_ise/code/pulpino/vivado_repro/out/reports/post_synth_util.rpt
| Design       : pulpino
| Device       : xczu9egffvb1156-2
| Design State : Synthesized
-------------------------------------------------------------------------------------------------------------------------------

Utilization Design Information

Table of Contents
-----------------
1. Utilization by Hierarchy

1. Utilization by Hierarchy
---------------------------

+----------+--------+------------+------------+---------+------+------+--------+--------+------+------------+
| Instance | Module | Total LUTs | Logic LUTs | LUTRAMs | SRLs |  FFs | RAMB36 | RAMB18 | URAM | DSP Blocks |
+----------+--------+------------+------------+---------+------+------+--------+--------+------+------------+
| pulpino  |  (top) |      13958 |      13958 |       0 |    0 | 9888 |     16 |      0 |    0 |          6 |
+----------+--------+------------+------------+---------+------+------+--------+--------+------+------------+


